# ╔════════════════════════════════════════════════════════════════════════════╗
# 📅 TIMELINE: 25/12/2025 | 09:30 AM (GMT-3)
# 🛡️ PROJECT: AEGIS / MISSION VALIDATION
# 📂 SUBSYSTEM: NOBEL-V4
# 🛠️ FILE: mission_success.log
# ╚════════════════════════════════════════════════════════════════════════════╝

[SYSTEM_INIT] Iniciando Estação Unificada AEGIS...
[SYSTEM_INIT] Módulos carregados: WelfordStats (M4), QuantumBellTester (CHSH).
[INFO] 🔧 INICIANDO FASE DE CALIBRAÇÃO (5s)...

2025-12-25 08:13:57,729 | INFO     | [T=0ms] STATUS: CALIBRATING | Kurtosis: -0.49
2025-12-25 08:13:58,233 | INFO     | [T=500ms] STATUS: CALIBRATING | Kurtosis: -0.28
2025-12-25 08:13:59,246 | INFO     | [T=1500ms] STATUS: CALIBRATING | Kurtosis: -0.11
2025-12-25 08:14:00,774 | INFO     | [T=3000ms] STATUS: CALIBRATING | Kurtosis: -0.08
2025-12-25 08:14:02,324 | INFO     | [T=4500ms] STATUS: CALIBRATING | Kurtosis: -0.09
2025-12-25 08:14:02,736 | INFO     | [T=4900ms] STATUS: CALIBRATING | Kurtosis: -0.08

[INFO] ✓ CALIBRAÇÃO CONCLUÍDA. ENTRANDO EM MODO DE VIGÍLIA ATIVA.

2025-12-25 08:14:02,845 | INFO     | [T=5000ms] STATUS: NORMAL | Kurtosis: -0.08
2025-12-25 08:14:02,953 | INFO     | [T=5100ms] STATUS: NORMAL | Kurtosis: -0.09
2025-12-25 08:14:03,164 | INFO     | [T=5300ms] STATUS: NORMAL | Kurtosis: -0.08
2025-12-25 08:14:03,382 | INFO     | [T=5500ms] STATUS: NORMAL | Kurtosis: -0.10

[WARNING] Anomalia detectada via Módulo de Correlação Bell/CHSH (S > 2.0).
[WARNING] Iniciando análise de persistência (Votação Temporal 7/10)...

2025-12-25 08:14:03,488 | INFO     | [T=5600ms] STATUS: SHUTDOWN | Kurtosis: -0.10
2025-12-25 08:14:03,489 | CRITICAL | 🛑 SEGURANÇA ATIVADA: ANOMALIA CIENTÍFICA CONFIRMADA!
2025-12-25 08:14:03,490 | CRITICAL | INTERLOCK EXECUTADO: PROTEÇÃO DO REATOR KRONOS GARANTIDA.

[ANALYSIS_SUMMARY]
- Tempo de Reação: 100ms após violação de threshold.
- Estabilidade de Kurtosis: Baseline estabelecido em -0.08.
- Parâmetro S: Pico de 2.828 (Limite de Tsirelson) identificado.
